20:37:19.480 debug: 2025. 9. 18. 오후 8:37:19
20:37:19.480 debug: Project: C:\PROJECT\COCOS\SRC\2025\BLOCK_PUZZLE_SAGA
20:37:19.480 debug: Targets: editor,preview
20:37:19.484 debug: Incremental file seems great.
20:37:19.485 debug: Engine path: C:\ProgramData\cocos\editors\Creator\3.8.7\resources\resources\3d\engine
20:37:19.499 debug: Initializing target [Editor]
20:37:19.499 debug: Loading cache
20:37:19.500 debug: Loading cache costs 0.9461000000010245ms.
20:37:19.501 debug: Engine features shipped in editor: base,gfx-webgl,gfx-webgl2,gfx-empty,gfx-webgpu,3d,animation,skeletal-animation,2d,rich-text,mask,graphics,ui-skew,ui,affine-transform,sorting-2d,particle,particle-2d,physics-framework,physics-cannon,physics-physx,physics-ammo,physics-builtin,physics-2d-framework,physics-2d-box2d-jsb,physics-2d-box2d,physics-2d-builtin,physics-2d-box2d-wasm,intersection-2d,primitive,profiler,occlusion-query,geometry-renderer,debug-renderer,audio,video,xr,light-probe,terrain,webview,tween,tiled-map,vendor-google,spine-3.8,spine-4.2,dragon-bones,marionette,procedural-animation,custom-pipeline,custom-pipeline-builtin-scripts,custom-pipeline-post-process,legacy-pipeline,websocket,websocket-server,meshopt
20:37:19.501 debug: Our import map(foo:/bar): {
  "imports": {
    "cc": "cce:/internal/x/cc"
  }
}
20:37:19.501 debug: Initializing target [Preview]
20:37:19.501 debug: Loading cache
20:37:19.502 debug: Loading cache costs 0.9004999999997381ms.
20:37:19.502 debug: Our import map(foo:/bar): {
  "imports": {
    "cc": "cce:/internal/x/cc"
  }
}
20:37:19.564 debug: Sync engine features: 2d,affine-transform,animation,audio,base,dragon-bones,gfx-webgl,gfx-webgl2,graphics,intersection-2d,legacy-pipeline,light-probe,mask,particle-2d,physics-2d-box2d,profiler,rich-text,spine-3.8,tiled-map,tween,ui,video,websocket,webview
20:37:19.569 debug: Reset databases. Enumerated domains: [
  {
    "root": "db://internal/",
    "physical": "C:\\ProgramData\\cocos\\editors\\Creator\\3.8.7\\resources\\resources\\3d\\engine\\editor\\assets"
  },
  {
    "root": "db://assets/",
    "physical": "C:\\PROJECT\\COCOS\\SRC\\2025\\BLOCK_PUZZLE_SAGA\\assets"
  }
]
20:37:19.569 debug: Our import map(foo:/bar): {
  "imports": {
    "cc": "cce:/internal/x/cc",
    "db://internal/": "file:///C:/ProgramData/cocos/editors/Creator/3.8.7/resources/resources/3d/engine/editor/assets/",
    "db://assets/": "file:///C:/PROJECT/COCOS/SRC/2025/BLOCK_PUZZLE_SAGA/assets/"
  }
}
20:37:19.569 debug: Our import map(foo:/bar): {
  "imports": {
    "cc": "cce:/internal/x/cc",
    "db://internal/": "file:///C:/ProgramData/cocos/editors/Creator/3.8.7/resources/resources/3d/engine/editor/assets/",
    "db://assets/": "file:///C:/PROJECT/COCOS/SRC/2025/BLOCK_PUZZLE_SAGA/assets/"
  }
}
20:37:19.569 debug: Pulling asset-db.
20:37:19.572 debug: Fetch asset-db cost: 3.022000000000844ms.
20:37:19.574 debug: Build iteration starts.
Number of accumulated asset changes: 0
Feature changed: false
20:37:19.574 debug: Target(editor) build started.
20:37:19.583 debug: Detected change: cce:/internal/x/cc. Last mtime: Thu Jan 01 1970 09:00:08 GMT+0900 (한국 표준시), Current mtime: Thu Jan 01 1970 09:00:08 GMT+0900 (한국 표준시)
20:37:19.583 debug: Inspect cce:/internal/x/cc
20:37:19.663 debug: transform url: 'cce:/internal/x/cc' costs: 79.30 ms
20:37:19.666 debug: Resolve cce:/internal/x/cc-fu/base from cce:/internal/x/cc as external dependency cce:/internal/x/cc-fu/base.
20:37:19.666 debug: Resolve cce:/internal/x/cc-fu/gfx-webgl from cce:/internal/x/cc as external dependency cce:/internal/x/cc-fu/gfx-webgl.
20:37:19.666 debug: Resolve cce:/internal/x/cc-fu/gfx-webgl2 from cce:/internal/x/cc as external dependency cce:/internal/x/cc-fu/gfx-webgl2.
20:37:19.667 debug: Resolve cce:/internal/x/cc-fu/gfx-empty from cce:/internal/x/cc as external dependency cce:/internal/x/cc-fu/gfx-empty.
20:37:19.667 debug: Resolve cce:/internal/x/cc-fu/gfx-webgpu from cce:/internal/x/cc as external dependency cce:/internal/x/cc-fu/gfx-webgpu.
20:37:19.667 debug: Resolve cce:/internal/x/cc-fu/3d from cce:/internal/x/cc as external dependency cce:/internal/x/cc-fu/3d.
20:37:19.667 debug: Resolve cce:/internal/x/cc-fu/animation from cce:/internal/x/cc as external dependency cce:/internal/x/cc-fu/animation.
20:37:19.667 debug: Resolve cce:/internal/x/cc-fu/skeletal-animation from cce:/internal/x/cc as external dependency cce:/internal/x/cc-fu/skeletal-animation.
20:37:19.667 debug: Resolve cce:/internal/x/cc-fu/2d from cce:/internal/x/cc as external dependency cce:/internal/x/cc-fu/2d.
20:37:19.667 debug: Resolve cce:/internal/x/cc-fu/sorting from cce:/internal/x/cc as external dependency cce:/internal/x/cc-fu/sorting.
20:37:19.667 debug: Resolve cce:/internal/x/cc-fu/rich-text from cce:/internal/x/cc as external dependency cce:/internal/x/cc-fu/rich-text.
20:37:19.667 debug: Resolve cce:/internal/x/cc-fu/mask from cce:/internal/x/cc as external dependency cce:/internal/x/cc-fu/mask.
20:37:19.667 debug: Resolve cce:/internal/x/cc-fu/graphics from cce:/internal/x/cc as external dependency cce:/internal/x/cc-fu/graphics.
20:37:19.667 debug: Resolve cce:/internal/x/cc-fu/ui-skew from cce:/internal/x/cc as external dependency cce:/internal/x/cc-fu/ui-skew.
20:37:19.667 debug: Resolve cce:/internal/x/cc-fu/ui from cce:/internal/x/cc as external dependency cce:/internal/x/cc-fu/ui.
20:37:19.667 debug: Resolve cce:/internal/x/cc-fu/affine-transform from cce:/internal/x/cc as external dependency cce:/internal/x/cc-fu/affine-transform.
20:37:19.667 debug: Resolve cce:/internal/x/cc-fu/sorting-2d from cce:/internal/x/cc as external dependency cce:/internal/x/cc-fu/sorting-2d.
20:37:19.667 debug: Resolve cce:/internal/x/cc-fu/particle from cce:/internal/x/cc as external dependency cce:/internal/x/cc-fu/particle.
20:37:19.667 debug: Resolve cce:/internal/x/cc-fu/particle-2d from cce:/internal/x/cc as external dependency cce:/internal/x/cc-fu/particle-2d.
20:37:19.667 debug: Resolve cce:/internal/x/cc-fu/physics-framework from cce:/internal/x/cc as external dependency cce:/internal/x/cc-fu/physics-framework.
20:37:19.667 debug: Resolve cce:/internal/x/cc-fu/physics-cannon from cce:/internal/x/cc as external dependency cce:/internal/x/cc-fu/physics-cannon.
20:37:19.667 debug: Resolve cce:/internal/x/cc-fu/physics-physx from cce:/internal/x/cc as external dependency cce:/internal/x/cc-fu/physics-physx.
20:37:19.667 debug: Resolve cce:/internal/x/cc-fu/physics-ammo from cce:/internal/x/cc as external dependency cce:/internal/x/cc-fu/physics-ammo.
20:37:19.667 debug: Resolve cce:/internal/x/cc-fu/physics-builtin from cce:/internal/x/cc as external dependency cce:/internal/x/cc-fu/physics-builtin.
20:37:19.667 debug: Resolve cce:/internal/x/cc-fu/physics-2d-framework from cce:/internal/x/cc as external dependency cce:/internal/x/cc-fu/physics-2d-framework.
20:37:19.667 debug: Resolve cce:/internal/x/cc-fu/physics-2d-box2d-jsb from cce:/internal/x/cc as external dependency cce:/internal/x/cc-fu/physics-2d-box2d-jsb.
20:37:19.667 debug: Resolve cce:/internal/x/cc-fu/physics-2d-box2d from cce:/internal/x/cc as external dependency cce:/internal/x/cc-fu/physics-2d-box2d.
20:37:19.668 debug: Resolve cce:/internal/x/cc-fu/physics-2d-builtin from cce:/internal/x/cc as external dependency cce:/internal/x/cc-fu/physics-2d-builtin.
20:37:19.668 debug: Resolve cce:/internal/x/cc-fu/physics-2d-box2d-wasm from cce:/internal/x/cc as external dependency cce:/internal/x/cc-fu/physics-2d-box2d-wasm.
20:37:19.668 debug: Resolve cce:/internal/x/cc-fu/intersection-2d from cce:/internal/x/cc as external dependency cce:/internal/x/cc-fu/intersection-2d.
20:37:19.668 debug: Resolve cce:/internal/x/cc-fu/primitive from cce:/internal/x/cc as external dependency cce:/internal/x/cc-fu/primitive.
20:37:19.668 debug: Resolve cce:/internal/x/cc-fu/profiler from cce:/internal/x/cc as external dependency cce:/internal/x/cc-fu/profiler.
20:37:19.668 debug: Resolve cce:/internal/x/cc-fu/geometry-renderer from cce:/internal/x/cc as external dependency cce:/internal/x/cc-fu/geometry-renderer.
20:37:19.668 debug: Resolve cce:/internal/x/cc-fu/audio from cce:/internal/x/cc as external dependency cce:/internal/x/cc-fu/audio.
20:37:19.668 debug: Resolve cce:/internal/x/cc-fu/video from cce:/internal/x/cc as external dependency cce:/internal/x/cc-fu/video.
20:37:19.668 debug: Resolve cce:/internal/x/cc-fu/xr from cce:/internal/x/cc as external dependency cce:/internal/x/cc-fu/xr.
20:37:19.668 debug: Resolve cce:/internal/x/cc-fu/light-probe from cce:/internal/x/cc as external dependency cce:/internal/x/cc-fu/light-probe.
20:37:19.668 debug: Resolve cce:/internal/x/cc-fu/terrain from cce:/internal/x/cc as external dependency cce:/internal/x/cc-fu/terrain.
20:37:19.668 debug: Resolve cce:/internal/x/cc-fu/webview from cce:/internal/x/cc as external dependency cce:/internal/x/cc-fu/webview.
20:37:19.668 debug: Resolve cce:/internal/x/cc-fu/tween from cce:/internal/x/cc as external dependency cce:/internal/x/cc-fu/tween.
20:37:19.668 debug: Resolve cce:/internal/x/cc-fu/tiled-map from cce:/internal/x/cc as external dependency cce:/internal/x/cc-fu/tiled-map.
20:37:19.668 debug: Resolve cce:/internal/x/cc-fu/vendor-google from cce:/internal/x/cc as external dependency cce:/internal/x/cc-fu/vendor-google.
20:37:19.668 debug: Resolve cce:/internal/x/cc-fu/spine from cce:/internal/x/cc as external dependency cce:/internal/x/cc-fu/spine.
20:37:19.668 debug: Resolve cce:/internal/x/cc-fu/dragon-bones from cce:/internal/x/cc as external dependency cce:/internal/x/cc-fu/dragon-bones.
20:37:19.668 debug: Resolve cce:/internal/x/cc-fu/custom-pipeline from cce:/internal/x/cc as external dependency cce:/internal/x/cc-fu/custom-pipeline.
20:37:19.668 debug: Resolve cce:/internal/x/cc-fu/custom-pipeline-post-process from cce:/internal/x/cc as external dependency cce:/internal/x/cc-fu/custom-pipeline-post-process.
20:37:19.668 debug: Resolve cce:/internal/x/cc-fu/legacy-pipeline from cce:/internal/x/cc as external dependency cce:/internal/x/cc-fu/legacy-pipeline.
20:37:19.668 debug: Detected change: cce:/internal/x/prerequisite-imports. Last mtime: Thu Jan 01 1970 09:00:30 GMT+0900 (한국 표준시), Current mtime: Thu Jan 01 1970 09:00:08 GMT+0900 (한국 표준시)
20:37:19.668 debug: Inspect cce:/internal/x/prerequisite-imports
20:37:19.690 debug: transform url: 'cce:/internal/x/prerequisite-imports' costs: 21.80 ms
20:37:19.699 debug: Target(editor) ends with cost 124.67009999999937ms.
20:37:19.699 debug: Target(preview) build started.
20:37:19.702 debug: Detected change: cce:/internal/x/cc. Last mtime: Thu Jan 01 1970 09:00:08 GMT+0900 (한국 표준시), Current mtime: Thu Jan 01 1970 09:00:08 GMT+0900 (한국 표준시)
20:37:19.702 debug: Inspect cce:/internal/x/cc
20:37:19.742 debug: transform url: 'cce:/internal/x/cc' costs: 40.00 ms
20:37:19.744 debug: Resolve cce:/internal/x/cc-fu/2d from cce:/internal/x/cc as external dependency cce:/internal/x/cc-fu/2d.
20:37:19.744 debug: Resolve cce:/internal/x/cc-fu/sorting from cce:/internal/x/cc as external dependency cce:/internal/x/cc-fu/sorting.
20:37:19.744 debug: Resolve cce:/internal/x/cc-fu/affine-transform from cce:/internal/x/cc as external dependency cce:/internal/x/cc-fu/affine-transform.
20:37:19.744 debug: Resolve cce:/internal/x/cc-fu/animation from cce:/internal/x/cc as external dependency cce:/internal/x/cc-fu/animation.
20:37:19.744 debug: Resolve cce:/internal/x/cc-fu/audio from cce:/internal/x/cc as external dependency cce:/internal/x/cc-fu/audio.
20:37:19.745 debug: Resolve cce:/internal/x/cc-fu/base from cce:/internal/x/cc as external dependency cce:/internal/x/cc-fu/base.
20:37:19.745 debug: Resolve cce:/internal/x/cc-fu/dragon-bones from cce:/internal/x/cc as external dependency cce:/internal/x/cc-fu/dragon-bones.
20:37:19.745 debug: Resolve cce:/internal/x/cc-fu/gfx-webgl from cce:/internal/x/cc as external dependency cce:/internal/x/cc-fu/gfx-webgl.
20:37:19.745 debug: Resolve cce:/internal/x/cc-fu/gfx-webgl2 from cce:/internal/x/cc as external dependency cce:/internal/x/cc-fu/gfx-webgl2.
20:37:19.745 debug: Resolve cce:/internal/x/cc-fu/graphics from cce:/internal/x/cc as external dependency cce:/internal/x/cc-fu/graphics.
20:37:19.745 debug: Resolve cce:/internal/x/cc-fu/intersection-2d from cce:/internal/x/cc as external dependency cce:/internal/x/cc-fu/intersection-2d.
20:37:19.745 debug: Resolve cce:/internal/x/cc-fu/legacy-pipeline from cce:/internal/x/cc as external dependency cce:/internal/x/cc-fu/legacy-pipeline.
20:37:19.745 debug: Resolve cce:/internal/x/cc-fu/light-probe from cce:/internal/x/cc as external dependency cce:/internal/x/cc-fu/light-probe.
20:37:19.745 debug: Resolve cce:/internal/x/cc-fu/mask from cce:/internal/x/cc as external dependency cce:/internal/x/cc-fu/mask.
20:37:19.745 debug: Resolve cce:/internal/x/cc-fu/particle-2d from cce:/internal/x/cc as external dependency cce:/internal/x/cc-fu/particle-2d.
20:37:19.745 debug: Resolve cce:/internal/x/cc-fu/physics-2d-box2d from cce:/internal/x/cc as external dependency cce:/internal/x/cc-fu/physics-2d-box2d.
20:37:19.745 debug: Resolve cce:/internal/x/cc-fu/physics-2d-framework from cce:/internal/x/cc as external dependency cce:/internal/x/cc-fu/physics-2d-framework.
20:37:19.745 debug: Resolve cce:/internal/x/cc-fu/profiler from cce:/internal/x/cc as external dependency cce:/internal/x/cc-fu/profiler.
20:37:19.745 debug: Resolve cce:/internal/x/cc-fu/rich-text from cce:/internal/x/cc as external dependency cce:/internal/x/cc-fu/rich-text.
20:37:19.745 debug: Resolve cce:/internal/x/cc-fu/spine from cce:/internal/x/cc as external dependency cce:/internal/x/cc-fu/spine.
20:37:19.745 debug: Resolve cce:/internal/x/cc-fu/tiled-map from cce:/internal/x/cc as external dependency cce:/internal/x/cc-fu/tiled-map.
20:37:19.745 debug: Resolve cce:/internal/x/cc-fu/tween from cce:/internal/x/cc as external dependency cce:/internal/x/cc-fu/tween.
20:37:19.746 debug: Resolve cce:/internal/x/cc-fu/ui from cce:/internal/x/cc as external dependency cce:/internal/x/cc-fu/ui.
20:37:19.746 debug: Resolve cce:/internal/x/cc-fu/video from cce:/internal/x/cc as external dependency cce:/internal/x/cc-fu/video.
20:37:19.746 debug: Resolve cce:/internal/x/cc-fu/webview from cce:/internal/x/cc as external dependency cce:/internal/x/cc-fu/webview.
20:37:19.746 debug: Detected change: cce:/internal/x/prerequisite-imports. Last mtime: Thu Jan 01 1970 09:00:32 GMT+0900 (한국 표준시), Current mtime: Thu Jan 01 1970 09:00:08 GMT+0900 (한국 표준시)
20:37:19.746 debug: Inspect cce:/internal/x/prerequisite-imports
20:37:19.758 debug: transform url: 'cce:/internal/x/prerequisite-imports' costs: 11.80 ms
20:37:19.766 debug: Target(preview) ends with cost 67.06159999999909ms.
20:37:21.104 debug: Pulling asset-db.
20:37:21.773 debug: Fetch asset-db cost: 668.6287000000011ms.
20:37:21.775 debug: Build iteration starts.
Number of accumulated asset changes: 11
Feature changed: false
20:37:21.778 debug: Target(editor) build started.
20:37:21.782 debug: Detected change: cce:/internal/x/prerequisite-imports. Last mtime: Thu Jan 01 1970 09:00:08 GMT+0900 (한국 표준시), Current mtime: Thu Jan 01 1970 09:00:10 GMT+0900 (한국 표준시)
20:37:21.782 debug: Inspect cce:/internal/x/prerequisite-imports
20:37:21.812 debug: transform url: 'cce:/internal/x/prerequisite-imports' costs: 29.60 ms
20:37:21.814 debug: Resolve file:///C:/PROJECT/COCOS/SRC/2025/BLOCK_PUZZLE_SAGA/assets/script/gameDataClass.ts from cce:/internal/x/prerequisite-imports as file:///C:/PROJECT/COCOS/SRC/2025/BLOCK_PUZZLE_SAGA/assets/script/gameDataClass.ts.
20:37:21.814 debug: Resolve file:///C:/PROJECT/COCOS/SRC/2025/BLOCK_PUZZLE_SAGA/assets/script/mainSceneClass.ts from cce:/internal/x/prerequisite-imports as file:///C:/PROJECT/COCOS/SRC/2025/BLOCK_PUZZLE_SAGA/assets/script/mainSceneClass.ts.
20:37:21.815 debug: Resolve file:///C:/PROJECT/COCOS/SRC/2025/BLOCK_PUZZLE_SAGA/assets/script/preloadSceneClass.ts from cce:/internal/x/prerequisite-imports as file:///C:/PROJECT/COCOS/SRC/2025/BLOCK_PUZZLE_SAGA/assets/script/preloadSceneClass.ts.
20:37:21.815 debug: Resolve file:///C:/PROJECT/COCOS/SRC/2025/BLOCK_PUZZLE_SAGA/assets/script/rootScene.ts from cce:/internal/x/prerequisite-imports as file:///C:/PROJECT/COCOS/SRC/2025/BLOCK_PUZZLE_SAGA/assets/script/rootScene.ts.
20:37:21.815 debug: Resolve file:///C:/PROJECT/COCOS/SRC/2025/BLOCK_PUZZLE_SAGA/assets/script/utils.ts from cce:/internal/x/prerequisite-imports as file:///C:/PROJECT/COCOS/SRC/2025/BLOCK_PUZZLE_SAGA/assets/script/utils.ts.
20:37:21.815 debug: Resolve file:///C:/ProgramData/cocos/editors/Creator/3.8.7/resources/resources/3d/engine/editor/assets/default_renderpipeline/builtin-dof-pass.ts from cce:/internal/x/prerequisite-imports as file:///C:/ProgramData/cocos/editors/Creator/3.8.7/resources/resources/3d/engine/editor/assets/default_renderpipeline/builtin-dof-pass.ts.
20:37:21.816 debug: Resolve file:///C:/ProgramData/cocos/editors/Creator/3.8.7/resources/resources/3d/engine/editor/assets/default_renderpipeline/builtin-pipeline-pass.ts from cce:/internal/x/prerequisite-imports as file:///C:/ProgramData/cocos/editors/Creator/3.8.7/resources/resources/3d/engine/editor/assets/default_renderpipeline/builtin-pipeline-pass.ts.
20:37:21.816 debug: Resolve file:///C:/ProgramData/cocos/editors/Creator/3.8.7/resources/resources/3d/engine/editor/assets/default_renderpipeline/builtin-pipeline-settings.ts from cce:/internal/x/prerequisite-imports as file:///C:/ProgramData/cocos/editors/Creator/3.8.7/resources/resources/3d/engine/editor/assets/default_renderpipeline/builtin-pipeline-settings.ts.
20:37:21.817 debug: Resolve file:///C:/ProgramData/cocos/editors/Creator/3.8.7/resources/resources/3d/engine/editor/assets/default_renderpipeline/builtin-pipeline-types.ts from cce:/internal/x/prerequisite-imports as file:///C:/ProgramData/cocos/editors/Creator/3.8.7/resources/resources/3d/engine/editor/assets/default_renderpipeline/builtin-pipeline-types.ts.
20:37:21.817 debug: Resolve file:///C:/ProgramData/cocos/editors/Creator/3.8.7/resources/resources/3d/engine/editor/assets/default_renderpipeline/builtin-pipeline.ts from cce:/internal/x/prerequisite-imports as file:///C:/ProgramData/cocos/editors/Creator/3.8.7/resources/resources/3d/engine/editor/assets/default_renderpipeline/builtin-pipeline.ts.
20:37:21.817 debug: Resolve file:///C:/ProgramData/cocos/editors/Creator/3.8.7/resources/resources/3d/engine/editor/assets/tools/debug-view-runtime-control.ts from cce:/internal/x/prerequisite-imports as file:///C:/ProgramData/cocos/editors/Creator/3.8.7/resources/resources/3d/engine/editor/assets/tools/debug-view-runtime-control.ts.
20:37:21.818 debug: Detected change: cce:/internal/code-quality/cr.mjs. Last mtime: Thu Sep 18 2025 20:32:35 GMT+0900 (한국 표준시), Current mtime: Thu Sep 18 2025 20:37:11 GMT+0900 (한국 표준시)
20:37:21.818 debug: Inspect cce:/internal/code-quality/cr.mjs
20:37:21.832 debug: transform url: 'cce:/internal/code-quality/cr.mjs' costs: 14.30 ms
20:37:21.846 debug: Target(editor) ends with cost 67.19160000000011ms.
20:37:21.847 debug: Target(preview) build started.
20:37:21.850 debug: Detected change: cce:/internal/x/prerequisite-imports. Last mtime: Thu Jan 01 1970 09:00:08 GMT+0900 (한국 표준시), Current mtime: Thu Jan 01 1970 09:00:10 GMT+0900 (한국 표준시)
20:37:21.850 debug: Inspect cce:/internal/x/prerequisite-imports
20:37:21.873 debug: transform url: 'cce:/internal/x/prerequisite-imports' costs: 22.90 ms
20:37:21.875 debug: Resolve file:///C:/PROJECT/COCOS/SRC/2025/BLOCK_PUZZLE_SAGA/assets/script/gameDataClass.ts from cce:/internal/x/prerequisite-imports as file:///C:/PROJECT/COCOS/SRC/2025/BLOCK_PUZZLE_SAGA/assets/script/gameDataClass.ts.
20:37:21.875 debug: Resolve file:///C:/PROJECT/COCOS/SRC/2025/BLOCK_PUZZLE_SAGA/assets/script/mainSceneClass.ts from cce:/internal/x/prerequisite-imports as file:///C:/PROJECT/COCOS/SRC/2025/BLOCK_PUZZLE_SAGA/assets/script/mainSceneClass.ts.
20:37:21.876 debug: Resolve file:///C:/PROJECT/COCOS/SRC/2025/BLOCK_PUZZLE_SAGA/assets/script/preloadSceneClass.ts from cce:/internal/x/prerequisite-imports as file:///C:/PROJECT/COCOS/SRC/2025/BLOCK_PUZZLE_SAGA/assets/script/preloadSceneClass.ts.
20:37:21.876 debug: Resolve file:///C:/PROJECT/COCOS/SRC/2025/BLOCK_PUZZLE_SAGA/assets/script/rootScene.ts from cce:/internal/x/prerequisite-imports as file:///C:/PROJECT/COCOS/SRC/2025/BLOCK_PUZZLE_SAGA/assets/script/rootScene.ts.
20:37:21.877 debug: Resolve file:///C:/PROJECT/COCOS/SRC/2025/BLOCK_PUZZLE_SAGA/assets/script/utils.ts from cce:/internal/x/prerequisite-imports as file:///C:/PROJECT/COCOS/SRC/2025/BLOCK_PUZZLE_SAGA/assets/script/utils.ts.
20:37:21.877 debug: Resolve file:///C:/ProgramData/cocos/editors/Creator/3.8.7/resources/resources/3d/engine/editor/assets/default_renderpipeline/builtin-dof-pass.ts from cce:/internal/x/prerequisite-imports as file:///C:/ProgramData/cocos/editors/Creator/3.8.7/resources/resources/3d/engine/editor/assets/default_renderpipeline/builtin-dof-pass.ts.
20:37:21.877 debug: Resolve file:///C:/ProgramData/cocos/editors/Creator/3.8.7/resources/resources/3d/engine/editor/assets/default_renderpipeline/builtin-pipeline-pass.ts from cce:/internal/x/prerequisite-imports as file:///C:/ProgramData/cocos/editors/Creator/3.8.7/resources/resources/3d/engine/editor/assets/default_renderpipeline/builtin-pipeline-pass.ts.
20:37:21.878 debug: Resolve file:///C:/ProgramData/cocos/editors/Creator/3.8.7/resources/resources/3d/engine/editor/assets/default_renderpipeline/builtin-pipeline-settings.ts from cce:/internal/x/prerequisite-imports as file:///C:/ProgramData/cocos/editors/Creator/3.8.7/resources/resources/3d/engine/editor/assets/default_renderpipeline/builtin-pipeline-settings.ts.
20:37:21.878 debug: Resolve file:///C:/ProgramData/cocos/editors/Creator/3.8.7/resources/resources/3d/engine/editor/assets/default_renderpipeline/builtin-pipeline-types.ts from cce:/internal/x/prerequisite-imports as file:///C:/ProgramData/cocos/editors/Creator/3.8.7/resources/resources/3d/engine/editor/assets/default_renderpipeline/builtin-pipeline-types.ts.
20:37:21.878 debug: Resolve file:///C:/ProgramData/cocos/editors/Creator/3.8.7/resources/resources/3d/engine/editor/assets/default_renderpipeline/builtin-pipeline.ts from cce:/internal/x/prerequisite-imports as file:///C:/ProgramData/cocos/editors/Creator/3.8.7/resources/resources/3d/engine/editor/assets/default_renderpipeline/builtin-pipeline.ts.
20:37:21.879 debug: Resolve file:///C:/ProgramData/cocos/editors/Creator/3.8.7/resources/resources/3d/engine/editor/assets/tools/debug-view-runtime-control.ts from cce:/internal/x/prerequisite-imports as file:///C:/ProgramData/cocos/editors/Creator/3.8.7/resources/resources/3d/engine/editor/assets/tools/debug-view-runtime-control.ts.
20:37:21.879 debug: Detected change: cce:/internal/code-quality/cr.mjs. Last mtime: Thu Sep 18 2025 20:32:35 GMT+0900 (한국 표준시), Current mtime: Thu Sep 18 2025 20:37:11 GMT+0900 (한국 표준시)
20:37:21.879 debug: Inspect cce:/internal/code-quality/cr.mjs
20:37:21.897 debug: transform url: 'cce:/internal/code-quality/cr.mjs' costs: 17.60 ms
20:37:21.906 debug: Target(preview) ends with cost 59.725899999999456ms.
