2025. 9. 18. 20:37:15-log: Cannot access game frame or container.
2025. 9. 18. 20:37:16-debug: asset-db:require-engine-code (1277ms)
2025. 9. 18. 20:37:16-log: meshopt wasm decoder initialized
2025. 9. 18. 20:37:16-log: [bullet]:bullet wasm lib loaded.
2025. 9. 18. 20:37:16-log: [box2d]:box2d wasm lib loaded.
2025. 9. 18. 20:37:16-log: Cocos Creator v3.8.7
2025. 9. 18. 20:37:16-log: Forward render pipeline initialized.
2025. 9. 18. 20:37:16-log: Using legacy pipeline
2025. 9. 18. 20:37:16-debug: [Assets Memory track]: asset-db:worker-init: initEngine start:32.92MB, end 79.60MB, increase: 46.68MB
2025. 9. 18. 20:37:19-debug: [Assets Memory track]: asset-db:worker-init: initPlugin start:79.63MB, end 275.23MB, increase: 195.60MB
2025. 9. 18. 20:37:19-debug: asset-db:worker-init: initPlugin (2643ms)
2025. 9. 18. 20:37:19-debug: [Assets Memory track]: asset-db:worker-init start:32.91MB, end 197.45MB, increase: 164.54MB
2025. 9. 18. 20:37:19-debug: Run asset db hook engine-extends:beforePreStart ...
2025. 9. 18. 20:37:19-debug: Run asset db hook programming:beforePreStart ...
2025. 9. 18. 20:37:19-debug: Preimport db  success
2025. 9. 18. 20:37:19-debug: Run asset db hook programming:beforePreStart success!
2025. 9. 18. 20:37:19-debug: Run asset db hook engine-extends:beforePreStart success!
2025. 9. 18. 20:37:19-debug: Preimport db  success
2025. 9. 18. 20:37:19-debug: Run asset db hook programming:afterPreStart ...
2025. 9. 18. 20:37:19-debug: starting packer-driver...
2025. 9. 18. 20:37:19-debug: asset-db-hook-programming-beforePreStart (55ms)
2025. 9. 18. 20:37:19-debug: asset-db:worker-init (4149ms)
2025. 9. 18. 20:37:19-debug: asset-db-hook-engine-extends-beforePreStart (53ms)
2025. 9. 18. 20:37:19-debug: initialize scripting environment...
2025. 9. 18. 20:37:19-debug: [[Executor]] prepare before lock
2025. 9. 18. 20:37:19-debug: Set detail map pack:///resolution-detail-map.json: {}
2025. 9. 18. 20:37:19-debug: [[Executor]] prepare after unlock
2025. 9. 18. 20:37:19-debug: Run asset db hook programming:afterPreStart success!
2025. 9. 18. 20:37:19-debug: [Assets Memory track]: asset-db:worker-init: preStart start:197.46MB, end 198.96MB, increase: 1.50MB
2025. 9. 18. 20:37:19-debug: Start up the 'internal' database...
2025. 9. 18. 20:37:19-debug: Run asset db hook engine-extends:afterPreStart ...
2025. 9. 18. 20:37:19-debug: Run asset db hook engine-extends:afterPreStart success!
2025. 9. 18. 20:37:19-debug: asset-db-hook-programming-afterPreStart (474ms)
2025. 9. 18. 20:37:19-debug: asset-db:worker-effect-data-processing (133ms)
2025. 9. 18. 20:37:19-debug: asset-db-hook-engine-extends-afterPreStart (133ms)
2025. 9. 18. 20:37:20-debug: Run asset db hook engine-extends:afterStartDB ...
2025. 9. 18. 20:37:20-debug: recompile effect.bin success
2025. 9. 18. 20:37:20-debug: Run asset db hook engine-extends:afterStartDB success!
2025. 9. 18. 20:37:20-debug: Start up the 'assets' database...
2025. 9. 18. 20:37:20-debug: asset-db:worker-effect-data-processing (349ms)
2025. 9. 18. 20:37:20-debug: asset-db-hook-engine-extends-afterStartDB (350ms)
2025. 9. 18. 20:37:20-debug: Run asset db hook engine-extends:afterStartDB ...
2025. 9. 18. 20:37:21-debug: recompile effect.bin success
2025. 9. 18. 20:37:21-debug: [Assets Memory track]: asset-db:worker-init: startup start:198.98MB, end 221.74MB, increase: 22.76MB
2025. 9. 18. 20:37:21-debug: lazy register asset handler directory
2025. 9. 18. 20:37:21-debug: Run asset db hook engine-extends:afterStartDB success!
2025. 9. 18. 20:37:21-debug: lazy register asset handler *
2025. 9. 18. 20:37:21-debug: lazy register asset handler text
2025. 9. 18. 20:37:21-debug: lazy register asset handler spine-data
2025. 9. 18. 20:37:21-debug: lazy register asset handler dragonbones-atlas
2025. 9. 18. 20:37:21-debug: lazy register asset handler terrain
2025. 9. 18. 20:37:21-debug: lazy register asset handler dragonbones
2025. 9. 18. 20:37:21-debug: lazy register asset handler javascript
2025. 9. 18. 20:37:21-debug: lazy register asset handler json
2025. 9. 18. 20:37:21-debug: lazy register asset handler typescript
2025. 9. 18. 20:37:21-debug: lazy register asset handler sprite-frame
2025. 9. 18. 20:37:21-debug: lazy register asset handler scene
2025. 9. 18. 20:37:21-debug: lazy register asset handler prefab
2025. 9. 18. 20:37:21-debug: lazy register asset handler tiled-map
2025. 9. 18. 20:37:21-debug: lazy register asset handler sign-image
2025. 9. 18. 20:37:21-debug: lazy register asset handler buffer
2025. 9. 18. 20:37:21-debug: lazy register asset handler image
2025. 9. 18. 20:37:21-debug: lazy register asset handler alpha-image
2025. 9. 18. 20:37:21-debug: lazy register asset handler texture-cube
2025. 9. 18. 20:37:21-debug: lazy register asset handler erp-texture-cube
2025. 9. 18. 20:37:21-debug: lazy register asset handler texture-cube-face
2025. 9. 18. 20:37:21-debug: lazy register asset handler rt-sprite-frame
2025. 9. 18. 20:37:21-debug: lazy register asset handler texture
2025. 9. 18. 20:37:21-debug: lazy register asset handler gltf-mesh
2025. 9. 18. 20:37:21-debug: lazy register asset handler render-texture
2025. 9. 18. 20:37:21-debug: lazy register asset handler gltf
2025. 9. 18. 20:37:21-debug: lazy register asset handler gltf-animation
2025. 9. 18. 20:37:21-debug: lazy register asset handler gltf-skeleton
2025. 9. 18. 20:37:21-debug: lazy register asset handler gltf-material
2025. 9. 18. 20:37:21-debug: lazy register asset handler gltf-scene
2025. 9. 18. 20:37:21-debug: lazy register asset handler gltf-embeded-image
2025. 9. 18. 20:37:21-debug: lazy register asset handler material
2025. 9. 18. 20:37:21-debug: lazy register asset handler physics-material
2025. 9. 18. 20:37:21-debug: lazy register asset handler effect
2025. 9. 18. 20:37:21-debug: lazy register asset handler fbx
2025. 9. 18. 20:37:21-debug: lazy register asset handler effect-header
2025. 9. 18. 20:37:21-debug: lazy register asset handler animation-clip
2025. 9. 18. 20:37:21-debug: lazy register asset handler animation-graph
2025. 9. 18. 20:37:21-debug: lazy register asset handler animation-graph-variant
2025. 9. 18. 20:37:21-debug: lazy register asset handler audio-clip
2025. 9. 18. 20:37:21-debug: lazy register asset handler ttf-font
2025. 9. 18. 20:37:21-debug: lazy register asset handler animation-mask
2025. 9. 18. 20:37:21-debug: lazy register asset handler bitmap-font
2025. 9. 18. 20:37:21-debug: lazy register asset handler sprite-atlas
2025. 9. 18. 20:37:21-debug: lazy register asset handler auto-atlas
2025. 9. 18. 20:37:21-debug: lazy register asset handler particle
2025. 9. 18. 20:37:21-debug: lazy register asset handler render-pipeline
2025. 9. 18. 20:37:21-debug: lazy register asset handler label-atlas
2025. 9. 18. 20:37:21-debug: lazy register asset handler render-stage
2025. 9. 18. 20:37:21-debug: lazy register asset handler instantiation-material
2025. 9. 18. 20:37:21-debug: lazy register asset handler instantiation-mesh
2025. 9. 18. 20:37:21-debug: lazy register asset handler render-flow
2025. 9. 18. 20:37:21-debug: lazy register asset handler instantiation-skeleton
2025. 9. 18. 20:37:21-debug: lazy register asset handler instantiation-animation
2025. 9. 18. 20:37:21-debug: lazy register asset handler video-clip
2025. 9. 18. 20:37:21-debug: asset-db:worker-effect-data-processing (343ms)
2025. 9. 18. 20:37:21-debug: asset-db-hook-engine-extends-afterStartDB (343ms)
2025. 9. 18. 20:37:21-debug: asset-db:start-database (1711ms)
2025. 9. 18. 20:37:21-debug: asset-db:ready (9336ms)
2025. 9. 18. 20:37:21-debug: init worker message success
2025. 9. 18. 20:37:21-debug: programming:execute-script (2ms)
2025. 9. 18. 20:37:21-debug: [Build Memory track]: builder:worker-init start:227.43MB, end 236.13MB, increase: 8.69MB
2025. 9. 18. 20:37:21-debug: builder:worker-init (645ms)
